stty: 'standard input': Inappropriate ioctl for device
/usr/bin/bashtop: line 660: ((: <80 | <24: syntax error: operand expected (error token is "<80 | <24")
stty: 'standard input': Inappropriate ioctl for device
stty: 'standard input': Inappropriate ioctl for device
/usr/bin/bashtop: line 660: ((: <80 | <24: syntax error: operand expected (error token is "<80 | <24")
stty: 'standard input': Inappropriate ioctl for device
stty: 'standard input': Inappropriate ioctl for device
/usr/bin/bashtop: line 660: ((: <80 | <24: syntax error: operand expected (error token is "<80 | <24")
stty: 'standard input': Inappropriate ioctl for device
stty: 'standard input': Inappropriate ioctl for device
/usr/bin/bashtop: line 660: ((: <80 | <24: syntax error: operand expected (error token is "<80 | <24")
stty: 'standard input': Inappropriate ioctl for device
stty: 'standard input': Inappropriate ioctl for device
/usr/bin/bashtop: line 660: ((: <80 | <24: syntax error: operand expected (error token is "<80 | <24")
stty: 'standard input': Inappropriate ioctl for device
stty: 'standard input': Inappropriate ioctl for device
/usr/bin/bashtop: line 660: ((: <80 | <24: syntax error: operand expected (error token is "<80 | <24")
stty: 'standard input': Inappropriate ioctl for device
stty: 'standard input': Inappropriate ioctl for device
/usr/bin/bashtop: line 660: ((: <80 | <24: syntax error: operand expected (error token is "<80 | <24")
stty: 'standard input': Inappropriate ioctl for device
stty: 'standard input': Inappropriate ioctl for device
/usr/bin/bashtop: line 660: ((: <80 | <24: syntax error: operand expected (error token is "<80 | <24")
stty: 'standard input': Inappropriate ioctl for device
stty: 'standard input': Inappropriate ioctl for device
/usr/bin/bashtop: line 660: ((: <80 | <24: syntax error: operand expected (error token is "<80 | <24")
stty: 'standard input': Inappropriate ioctl for device
stty: 'standard input': Inappropriate ioctl for device
/usr/bin/bashtop: line 660: ((: <80 | <24: syntax error: operand expected (error token is "<80 | <24")
stty: 'standard input': Inappropriate ioctl for device
stty: 'standard input': Inappropriate ioctl for device
/usr/bin/bashtop: line 660: ((: <80 | <24: syntax error: operand expected (error token is "<80 | <24")
stty: 'standard input': Inappropriate ioctl for device
stty: 'standard input': Inappropriate ioctl for device
/usr/bin/bashtop: line 660: ((: <80 | <24: syntax error: operand expected (error token is "<80 | <24")
stty: 'standard input': Inappropriate ioctl for device
stty: 'standard input': Inappropriate ioctl for device
/usr/bin/bashtop: line 660: ((: <80 | <24: syntax error: operand expected (error token is "<80 | <24")
stty: 'standard input': Inappropriate ioctl for device
stty: 'standard input': Inappropriate ioctl for device
/usr/bin/bashtop: line 660: ((: <80 | <24: syntax error: operand expected (error token is "<80 | <24")
stty: 'standard input': Inappropriate ioctl for device
stty: 'standard input': Inappropriate ioctl for device
/usr/bin/bashtop: line 660: ((: <80 | <24: syntax error: operand expected (error token is "<80 | <24")
stty: 'standard input': Inappropriate ioctl for device
stty: 'standard input': Inappropriate ioctl for device
/usr/bin/bashtop: line 660: ((: <80 | <24: syntax error: operand expected (error token is "<80 | <24")
stty: 'standard input': Inappropriate ioctl for device
stty: 'standard input': Inappropriate ioctl for device
/usr/bin/bashtop: line 660: ((: <80 | <24: syntax error: operand expected (error token is "<80 | <24")
stty: 'standard input': Inappropriate ioctl for device
stty: 'standard input': Inappropriate ioctl for device
/usr/bin/bashtop: line 660: ((: <80 | <24: syntax error: operand expected (error token is "<80 | <24")
stty: 'standard input': Inappropriate ioctl for device
stty: 'standard input': Inappropriate ioctl for device
/usr/bin/bashtop: line 660: ((: <80 | <24: syntax error: operand expected (error token is "<80 | <24")
stty: 'standard input': Inappropriate ioctl for device
stty: 'standard input': Inappropriate ioctl for device
/usr/bin/bashtop: line 660: ((: <80 | <24: syntax error: operand expected (error token is "<80 | <24")
stty: 'standard input': Inappropriate ioctl for device
stty: 'standard input': Inappropriate ioctl for device
/usr/bin/bashtop: line 660: ((: <80 | <24: syntax error: operand expected (error token is "<80 | <24")
stty: 'standard input': Inappropriate ioctl for device
stty: 'standard input': Inappropriate ioctl for device
/usr/bin/bashtop: line 660: ((: <80 | <24: syntax error: operand expected (error token is "<80 | <24")
stty: 'standard input': Inappropriate ioctl for device
stty: 'standard input': Inappropriate ioctl for device
/usr/bin/bashtop: line 660: ((: <80 | <24: syntax error: operand expected (error token is "<80 | <24")
stty: 'standard input': Inappropriate ioctl for device
stty: 'standard input': Inappropriate ioctl for device
/usr/bin/bashtop: line 660: ((: <80 | <24: syntax error: operand expected (error token is "<80 | <24")
stty: 'standard input': Inappropriate ioctl for device
stty: 'standard input': Inappropriate ioctl for device
/usr/bin/bashtop: line 660: ((: <80 | <24: syntax error: operand expected (error token is "<80 | <24")
stty: 'standard input': Inappropriate ioctl for device
stty: 'standard input': Inappropriate ioctl for device
/usr/bin/bashtop: line 660: ((: <80 | <24: syntax error: operand expected (error token is "<80 | <24")
stty: 'standard input': Inappropriate ioctl for device
stty: 'standard input': Inappropriate ioctl for device
/usr/bin/bashtop: line 660: ((: <80 | <24: syntax error: operand expected (error token is "<80 | <24")
stty: 'standard input': Inappropriate ioctl for device
stty: 'standard input': Inappropriate ioctl for device
/usr/bin/bashtop: line 660: ((: <80 | <24: syntax error: operand expected (error token is "<80 | <24")
stty: 'standard input': Inappropriate ioctl for device
stty: 'standard input': Inappropriate ioctl for device
/usr/bin/bashtop: line 660: ((: <80 | <24: syntax error: operand expected (error token is "<80 | <24")
stty: 'standard input': Inappropriate ioctl for device
stty: 'standard input': Inappropriate ioctl for device
/usr/bin/bashtop: line 660: ((: <80 | <24: syntax error: operand expected (error token is "<80 | <24")
stty: 'standard input': Inappropriate ioctl for device
stty: 'standard input': Inappropriate ioctl for device
/usr/bin/bashtop: line 660: ((: <80 | <24: syntax error: operand expected (error token is "<80 | <24")
stty: 'standard input': Inappropriate ioctl for device
stty: 'standard input': Inappropriate ioctl for device
/usr/bin/bashtop: line 660: ((: <80 | <24: syntax error: operand expected (error token is "<80 | <24")
stty: 'standard input': Inappropriate ioctl for device
stty: 'standard input': Inappropriate ioctl for device
/usr/bin/bashtop: line 660: ((: <80 | <24: syntax error: operand expected (error token is "<80 | <24")
stty: 'standard input': Inappropriate ioctl for device
stty: 'standard input': Inappropriate ioctl for device
/usr/bin/bashtop: line 660: ((: <80 | <24: syntax error: operand expected (error token is "<80 | <24")
stty: 'standard input': Inappropriate ioctl for device
stty: 'standard input': Inappropriate ioctl for device
/usr/bin/bashtop: line 660: ((: <80 | <24: syntax error: operand expected (error token is "<80 | <24")
stty: 'standard input': Inappropriate ioctl for device
stty: 'standard input': Inappropriate ioctl for device
/usr/bin/bashtop: line 660: ((: <80 | <24: syntax error: operand expected (error token is "<80 | <24")
stty: 'standard input': Inappropriate ioctl for device
stty: 'standard input': Inappropriate ioctl for device
/usr/bin/bashtop: line 660: ((: <80 | <24: syntax error: operand expected (error token is "<80 | <24")
stty: 'standard input': Inappropriate ioctl for device
stty: 'standard input': Inappropriate ioctl for device
/usr/bin/bashtop: line 660: ((: <80 | <24: syntax error: operand expected (error token is "<80 | <24")
stty: 'standard input': Inappropriate ioctl for device
stty: 'standard input': Inappropriate ioctl for device
/usr/bin/bashtop: line 660: ((: <80 | <24: syntax error: operand expected (error token is "<80 | <24")
stty: 'standard input': Inappropriate ioctl for device
stty: 'standard input': Inappropriate ioctl for device
/usr/bin/bashtop: line 660: ((: <80 | <24: syntax error: operand expected (error token is "<80 | <24")
stty: 'standard input': Inappropriate ioctl for device
stty: 'standard input': Inappropriate ioctl for device
/usr/bin/bashtop: line 660: ((: <80 | <24: syntax error: operand expected (error token is "<80 | <24")
stty: 'standard input': Inappropriate ioctl for device
stty: 'standard input': Inappropriate ioctl for device
/usr/bin/bashtop: line 660: ((: <80 | <24: syntax error: operand expected (error token is "<80 | <24")
stty: 'standard input': Inappropriate ioctl for device
stty: 'standard input': Inappropriate ioctl for device
/usr/bin/bashtop: line 660: ((: <80 | <24: syntax error: operand expected (error token is "<80 | <24")
stty: 'standard input': Inappropriate ioctl for device
stty: 'standard input': Inappropriate ioctl for device
/usr/bin/bashtop: line 660: ((: <80 | <24: syntax error: operand expected (error token is "<80 | <24")
stty: 'standard input': Inappropriate ioctl for device
stty: 'standard input': Inappropriate ioctl for device
/usr/bin/bashtop: line 660: ((: <80 | <24: syntax error: operand expected (error token is "<80 | <24")
stty: 'standard input': Inappropriate ioctl for device
stty: 'standard input': Inappropriate ioctl for device
/usr/bin/bashtop: line 660: ((: <80 | <24: syntax error: operand expected (error token is "<80 | <24")
stty: 'standard input': Inappropriate ioctl for device
stty: 'standard input': Inappropriate ioctl for device
/usr/bin/bashtop: line 660: ((: <80 | <24: syntax error: operand expected (error token is "<80 | <24")
stty: 'standard input': Inappropriate ioctl for device
stty: 'standard input': Inappropriate ioctl for device
/usr/bin/bashtop: line 660: ((: <80 | <24: syntax error: operand expected (error token is "<80 | <24")
stty: 'standard input': Inappropriate ioctl for device
stty: 'standard input': Inappropriate ioctl for device
/usr/bin/bashtop: line 660: ((: <80 | <24: syntax error: operand expected (error token is "<80 | <24")
stty: 'standard input': Inappropriate ioctl for device
stty: 'standard input': Inappropriate ioctl for device
/usr/bin/bashtop: line 660: ((: <80 | <24: syntax error: operand expected (error token is "<80 | <24")
stty: 'standard input': Inappropriate ioctl for device
stty: 'standard input': Inappropriate ioctl for device
/usr/bin/bashtop: line 660: ((: <80 | <24: syntax error: operand expected (error token is "<80 | <24")
stty: 'standard input': Inappropriate ioctl for device
stty: 'standard input': Inappropriate ioctl for device
/usr/bin/bashtop: line 660: ((: <80 | <24: syntax error: operand expected (error token is "<80 | <24")
stty: 'standard input': Inappropriate ioctl for device
stty: 'standard input': Inappropriate ioctl for device
/usr/bin/bashtop: line 660: ((: <80 | <24: syntax error: operand expected (error token is "<80 | <24")
stty: 'standard input': Inappropriate ioctl for device
stty: 'standard input': Inappropriate ioctl for device
/usr/bin/bashtop: line 660: ((: <80 | <24: syntax error: operand expected (error token is "<80 | <24")
stty: 'standard input': Inappropriate ioctl for device
stty: 'standard input': Inappropriate ioctl for device
/usr/bin/bashtop: line 660: ((: <80 | <24: syntax error: operand expected (error token is "<80 | <24")
stty: 'standard input': Inappropriate ioctl for device
stty: 'standard input': Inappropriate ioctl for device
/usr/bin/bashtop: line 660: ((: <80 | <24: syntax error: operand expected (error token is "<80 | <24")
stty: 'standard input': Inappropriate ioctl for device
stty: 'standard input': Inappropriate ioctl for device
/usr/bin/bashtop: line 660: ((: <80 | <24: syntax error: operand expected (error token is "<80 | <24")
stty: 'standard input': Inappropriate ioctl for device
stty: 'standard input': Inappropriate ioctl for device
/usr/bin/bashtop: line 660: ((: <80 | <24: syntax error: operand expected (error token is "<80 | <24")
stty: 'standard input': Inappropriate ioctl for device
stty: 'standard input': Inappropriate ioctl for device
/usr/bin/bashtop: line 660: ((: <80 | <24: syntax error: operand expected (error token is "<80 | <24")
stty: 'standard input': Inappropriate ioctl for device
stty: 'standard input': Inappropriate ioctl for device
/usr/bin/bashtop: line 660: ((: <80 | <24: syntax error: operand expected (error token is "<80 | <24")
stty: 'standard input': Inappropriate ioctl for device
stty: 'standard input': Inappropriate ioctl for device
/usr/bin/bashtop: line 660: ((: <80 | <24: syntax error: operand expected (error token is "<80 | <24")
stty: 'standard input': Inappropriate ioctl for device
stty: 'standard input': Inappropriate ioctl for device
/usr/bin/bashtop: line 660: ((: <80 | <24: syntax error: operand expected (error token is "<80 | <24")
stty: 'standard input': Inappropriate ioctl for device
stty: 'standard input': Inappropriate ioctl for device
/usr/bin/bashtop: line 660: ((: <80 | <24: syntax error: operand expected (error token is "<80 | <24")
stty: 'standard input': Inappropriate ioctl for device
stty: 'standard input': Inappropriate ioctl for device
/usr/bin/bashtop: line 660: ((: <80 | <24: syntax error: operand expected (error token is "<80 | <24")
stty: 'standard input': Inappropriate ioctl for device
stty: 'standard input': Inappropriate ioctl for device
/usr/bin/bashtop: line 660: ((: <80 | <24: syntax error: operand expected (error token is "<80 | <24")
stty: 'standard input': Inappropriate ioctl for device
stty: 'standard input': Inappropriate ioctl for device
/usr/bin/bashtop: line 660: ((: <80 | <24: syntax error: operand expected (error token is "<80 | <24")
stty: 'standard input': Inappropriate ioctl for device
stty: 'standard input': Inappropriate ioctl for device
/usr/bin/bashtop: line 660: ((: <80 | <24: syntax error: operand expected (error token is "<80 | <24")
stty: 'standard input': Inappropriate ioctl for device
stty: 'standard input': Inappropriate ioctl for device
/usr/bin/bashtop: line 660: ((: <80 | <24: syntax error: operand expected (error token is "<80 | <24")
stty: 'standard input': Inappropriate ioctl for device
stty: 'standard input': Inappropriate ioctl for device
/usr/bin/bashtop: line 660: ((: <80 | <24: syntax error: operand expected (error token is "<80 | <24")
stty: 'standard input': Inappropriate ioctl for device
stty: 'standard input': Inappropriate ioctl for device
/usr/bin/bashtop: line 660: ((: <80 | <24: syntax error: operand expected (error token is "<80 | <24")
stty: 'standard input': Inappropriate ioctl for device
stty: 'standard input': Inappropriate ioctl for device
/usr/bin/bashtop: line 660: ((: <80 | <24: syntax error: operand expected (error token is "<80 | <24")
stty: 'standard input': Inappropriate ioctl for device
stty: 'standard input': Inappropriate ioctl for device
/usr/bin/bashtop: line 660: ((: <80 | <24: syntax error: operand expected (error token is "<80 | <24")
stty: 'standard input': Inappropriate ioctl for device
stty: 'standard input': Inappropriate ioctl for device
/usr/bin/bashtop: line 660: ((: <80 | <24: syntax error: operand expected (error token is "<80 | <24")
stty: 'standard input': Inappropriate ioctl for device
stty: 'standard input': Inappropriate ioctl for device
/usr/bin/bashtop: line 660: ((: <80 | <24: syntax error: operand expected (error token is "<80 | <24")
stty: 'standard input': Inappropriate ioctl for device
stty: 'standard input': Inappropriate ioctl for device
/usr/bin/bashtop: line 660: ((: <80 | <24: syntax error: operand expected (error token is "<80 | <24")
stty: 'standard input': Inappropriate ioctl for device
stty: 'standard input': Inappropriate ioctl for device
/usr/bin/bashtop: line 660: ((: <80 | <24: syntax error: operand expected (error token is "<80 | <24")
stty: 'standard input': Inappropriate ioctl for device
stty: 'standard input': Inappropriate ioctl for device
/usr/bin/bashtop: line 660: ((: <80 | <24: syntax error: operand expected (error token is "<80 | <24")
stty: 'standard input': Inappropriate ioctl for device
stty: 'standard input': Inappropriate ioctl for device
/usr/bin/bashtop: line 660: ((: <80 | <24: syntax error: operand expected (error token is "<80 | <24")
stty: 'standard input': Inappropriate ioctl for device
stty: 'standard input': Inappropriate ioctl for device
/usr/bin/bashtop: line 660: ((: <80 | <24: syntax error: operand expected (error token is "<80 | <24")
stty: 'standard input': Inappropriate ioctl for device
stty: 'standard input': Inappropriate ioctl for device
/usr/bin/bashtop: line 660: ((: <80 | <24: syntax error: operand expected (error token is "<80 | <24")
stty: 'standard input': Inappropriate ioctl for device
stty: 'standard input': Inappropriate ioctl for device
/usr/bin/bashtop: line 660: ((: <80 | <24: syntax error: operand expected (error token is "<80 | <24")
stty: 'standard input': Inappropriate ioctl for device
stty: 'standard input': Inappropriate ioctl for device
/usr/bin/bashtop: line 660: ((: <80 | <24: syntax error: operand expected (error token is "<80 | <24")
stty: 'standard input': Inappropriate ioctl for device
stty: 'standard input': Inappropriate ioctl for device
/usr/bin/bashtop: line 660: ((: <80 | <24: syntax error: operand expected (error token is "<80 | <24")
stty: 'standard input': Inappropriate ioctl for device
stty: 'standard input': Inappropriate ioctl for device
/usr/bin/bashtop: line 660: ((: <80 | <24: syntax error: operand expected (error token is "<80 | <24")
stty: 'standard input': Inappropriate ioctl for device
stty: 'standard input': Inappropriate ioctl for device
/usr/bin/bashtop: line 660: ((: <80 | <24: syntax error: operand expected (error token is "<80 | <24")
stty: 'standard input': Inappropriate ioctl for device
stty: 'standard input': Inappropriate ioctl for device
/usr/bin/bashtop: line 660: ((: <80 | <24: syntax error: operand expected (error token is "<80 | <24")
stty: 'standard input': Inappropriate ioctl for device
stty: 'standard input': Inappropriate ioctl for device
/usr/bin/bashtop: line 660: ((: <80 | <24: syntax error: operand expected (error token is "<80 | <24")
stty: 'standard input': Inappropriate ioctl for device
stty: 'standard input': Inappropriate ioctl for device
/usr/bin/bashtop: line 660: ((: <80 | <24: syntax error: operand expected (error token is "<80 | <24")
stty: 'standard input': Inappropriate ioctl for device
stty: 'standard input': Inappropriate ioctl for device
/usr/bin/bashtop: line 660: ((: <80 | <24: syntax error: operand expected (error token is "<80 | <24")
stty: 'standard input': Inappropriate ioctl for device
stty: 'standard input': Inappropriate ioctl for device
/usr/bin/bashtop: line 660: ((: <80 | <24: syntax error: operand expected (error token is "<80 | <24")
stty: 'standard input': Inappropriate ioctl for device
stty: 'standard input': Inappropriate ioctl for device
/usr/bin/bashtop: line 660: ((: <80 | <24: syntax error: operand expected (error token is "<80 | <24")
stty: 'standard input': Inappropriate ioctl for device
stty: 'standard input': Inappropriate ioctl for device
/usr/bin/bashtop: line 660: ((: <80 | <24: syntax error: operand expected (error token is "<80 | <24")
stty: 'standard input': Inappropriate ioctl for device
stty: 'standard input': Inappropriate ioctl for device
/usr/bin/bashtop: line 660: ((: <80 | <24: syntax error: operand expected (error token is "<80 | <24")
stty: 'standard input': Inappropriate ioctl for device
stty: 'standard input': Inappropriate ioctl for device
/usr/bin/bashtop: line 660: ((: <80 | <24: syntax error: operand expected (error token is "<80 | <24")
stty: 'standard input': Inappropriate ioctl for device
stty: 'standard input': Inappropriate ioctl for device
/usr/bin/bashtop: line 660: ((: <80 | <24: syntax error: operand expected (error token is "<80 | <24")
stty: 'standard input': Inappropriate ioctl for device
stty: 'standard input': Inappropriate ioctl for device
/usr/bin/bashtop: line 660: ((: <80 | <24: syntax error: operand expected (error token is "<80 | <24")
stty: 'standard input': Inappropriate ioctl for device
stty: 'standard input': Inappropriate ioctl for device
/usr/bin/bashtop: line 660: ((: <80 | <24: syntax error: operand expected (error token is "<80 | <24")
stty: 'standard input': Inappropriate ioctl for device
stty: 'standard input': Inappropriate ioctl for device
/usr/bin/bashtop: line 660: ((: <80 | <24: syntax error: operand expected (error token is "<80 | <24")
stty: 'standard input': Inappropriate ioctl for device
stty: 'standard input': Inappropriate ioctl for device
/usr/bin/bashtop: line 660: ((: <80 | <24: syntax error: operand expected (error token is "<80 | <24")
stty: 'standard input': Inappropriate ioctl for device
stty: 'standard input': Inappropriate ioctl for device
/usr/bin/bashtop: line 660: ((: <80 | <24: syntax error: operand expected (error token is "<80 | <24")
stty: 'standard input': Inappropriate ioctl for device
stty: 'standard input': Inappropriate ioctl for device
/usr/bin/bashtop: line 660: ((: <80 | <24: syntax error: operand expected (error token is "<80 | <24")
stty: 'standard input': Inappropriate ioctl for device
stty: 'standard input': Inappropriate ioctl for device
/usr/bin/bashtop: line 660: ((: <80 | <24: syntax error: operand expected (error token is "<80 | <24")
stty: 'standard input': Inappropriate ioctl for device
stty: 'standard input': Inappropriate ioctl for device
/usr/bin/bashtop: line 660: ((: <80 | <24: syntax error: operand expected (error token is "<80 | <24")
stty: 'standard input': Inappropriate ioctl for device
stty: 'standard input': Inappropriate ioctl for device
/usr/bin/bashtop: line 660: ((: <80 | <24: syntax error: operand expected (error token is "<80 | <24")
stty: 'standard input': Inappropriate ioctl for device
stty: 'standard input': Inappropriate ioctl for device
/usr/bin/bashtop: line 660: ((: <80 | <24: syntax error: operand expected (error token is "<80 | <24")
stty: 'standard input': Inappropriate ioctl for device
stty: 'standard input': Inappropriate ioctl for device
/usr/bin/bashtop: line 660: ((: <80 | <24: syntax error: operand expected (error token is "<80 | <24")
stty: 'standard input': Inappropriate ioctl for device
stty: 'standard input': Inappropriate ioctl for device
/usr/bin/bashtop: line 660: ((: <80 | <24: syntax error: operand expected (error token is "<80 | <24")
stty: 'standard input': Inappropriate ioctl for device
stty: 'standard input': Inappropriate ioctl for device
/usr/bin/bashtop: line 660: ((: <80 | <24: syntax error: operand expected (error token is "<80 | <24")
stty: 'standard input': Inappropriate ioctl for device
stty: 'standard input': Inappropriate ioctl for device
/usr/bin/bashtop: line 660: ((: <80 | <24: syntax error: operand expected (error token is "<80 | <24")
stty: 'standard input': Inappropriate ioctl for device
stty: 'standard input': Inappropriate ioctl for device
/usr/bin/bashtop: line 660: ((: <80 | <24: syntax error: operand expected (error token is "<80 | <24")
stty: 'standard input': Inappropriate ioctl for device
stty: 'standard input': Inappropriate ioctl for device
/usr/bin/bashtop: line 660: ((: <80 | <24: syntax error: operand expected (error token is "<80 | <24")
stty: 'standard input': Inappropriate ioctl for device
stty: 'standard input': Inappropriate ioctl for device
/usr/bin/bashtop: line 660: ((: <80 | <24: syntax error: operand expected (error token is "<80 | <24")
stty: 'standard input': Inappropriate ioctl for device
stty: 'standard input': Inappropriate ioctl for device
/usr/bin/bashtop: line 660: ((: <80 | <24: syntax error: operand expected (error token is "<80 | <24")
stty: 'standard input': Inappropriate ioctl for device
stty: 'standard input': Inappropriate ioctl for device
/usr/bin/bashtop: line 660: ((: <80 | <24: syntax error: operand expected (error token is "<80 | <24")
stty: 'standard input': Inappropriate ioctl for device
stty: 'standard input': Inappropriate ioctl for device
/usr/bin/bashtop: line 660: ((: <80 | <24: syntax error: operand expected (error token is "<80 | <24")
stty: 'standard input': Inappropriate ioctl for device
stty: 'standard input': Inappropriate ioctl for device
/usr/bin/bashtop: line 660: ((: <80 | <24: syntax error: operand expected (error token is "<80 | <24")
stty: 'standard input': Inappropriate ioctl for device
stty: 'standard input': Inappropriate ioctl for device
/usr/bin/bashtop: line 660: ((: <80 | <24: syntax error: operand expected (error token is "<80 | <24")
stty: 'standard input': Inappropriate ioctl for device
stty: 'standard input': Inappropriate ioctl for device
/usr/bin/bashtop: line 660: ((: <80 | <24: syntax error: operand expected (error token is "<80 | <24")
stty: 'standard input': Inappropriate ioctl for device
stty: 'standard input': Inappropriate ioctl for device
/usr/bin/bashtop: line 660: ((: <80 | <24: syntax error: operand expected (error token is "<80 | <24")
stty: 'standard input': Inappropriate ioctl for device
stty: 'standard input': Inappropriate ioctl for device
/usr/bin/bashtop: line 660: ((: <80 | <24: syntax error: operand expected (error token is "<80 | <24")
stty: 'standard input': Inappropriate ioctl for device
stty: 'standard input': Inappropriate ioctl for device
/usr/bin/bashtop: line 660: ((: <80 | <24: syntax error: operand expected (error token is "<80 | <24")
stty: 'standard input': Inappropriate ioctl for device
stty: 'standard input': Inappropriate ioctl for device
/usr/bin/bashtop: line 660: ((: <80 | <24: syntax error: operand expected (error token is "<80 | <24")
stty: 'standard input': Inappropriate ioctl for device
stty: 'standard input': Inappropriate ioctl for device
/usr/bin/bashtop: line 660: ((: <80 | <24: syntax error: operand expected (error token is "<80 | <24")
stty: 'standard input': Inappropriate ioctl for device
stty: 'standard input': Inappropriate ioctl for device
/usr/bin/bashtop: line 660: ((: <80 | <24: syntax error: operand expected (error token is "<80 | <24")
stty: 'standard input': Inappropriate ioctl for device
stty: 'standard input': Inappropriate ioctl for device
/usr/bin/bashtop: line 660: ((: <80 | <24: syntax error: operand expected (error token is "<80 | <24")
stty: 'standard input': Inappropriate ioctl for device
stty: 'standard input': Inappropriate ioctl for device
/usr/bin/bashtop: line 660: ((: <80 | <24: syntax error: operand expected (error token is "<80 | <24")
 
New instance of bashtop version: 0.9.25 Pid: 24987
 
New instance of bashtop version: 0.9.25 Pid: 25363
04:06:43 PM ERROR: On line 667 
04:06:43 PM ERROR: On line 659 (MUTED!)
04:06:43 PM ERROR: On line 659 (MUTED!)
04:06:44 PM ERROR: On line 659 (MUTED!)
04:06:44 PM ERROR: On line 659 (MUTED!)
 
New instance of bashtop version: 0.9.25 Pid: 7494
 
New instance of bashtop version: 0.9.25 Pid: 33669
 
New instance of bashtop version: 0.9.25 Pid: 11894
 
New instance of bashtop version: 0.9.25 Pid: 20457
 
New instance of bashtop version: 0.9.25 Pid: 4139
 
New instance of bashtop version: 0.9.25 Pid: 17038
 
New instance of bashtop version: 0.9.25 Pid: 5805
 
New instance of bashtop version: 0.9.25 Pid: 21327
 
New instance of bashtop version: 0.9.25 Pid: 18019
 
New instance of bashtop version: 0.9.25 Pid: 29694
 
New instance of bashtop version: 0.9.25 Pid: 34274
 
New instance of bashtop version: 0.9.25 Pid: 22617
 
New instance of bashtop version: 0.9.25 Pid: 22296
 
New instance of bashtop version: 0.9.25 Pid: 15085
 
New instance of bashtop version: 0.9.25 Pid: 13828
 
New instance of bashtop version: 0.9.25 Pid: 29047
 
New instance of bashtop version: 0.9.25 Pid: 32088
 
New instance of bashtop version: 0.9.25 Pid: 40055
 
New instance of bashtop version: 0.9.25 Pid: 10342
 
New instance of bashtop version: 0.9.25 Pid: 6775
 
New instance of bashtop version: 0.9.25 Pid: 10059
 
New instance of bashtop version: 0.9.25 Pid: 19754
 
New instance of bashtop version: 0.9.25 Pid: 13189
 
New instance of bashtop version: 0.9.25 Pid: 20503
 
New instance of bashtop version: 0.9.25 Pid: 26331
 
New instance of bashtop version: 0.9.25 Pid: 30885
 
New instance of bashtop version: 0.9.25 Pid: 7581
 
New instance of bashtop version: 0.9.25 Pid: 16167
 
New instance of bashtop version: 0.9.25 Pid: 30614
 
New instance of bashtop version: 0.9.25 Pid: 4048
 
New instance of bashtop version: 0.9.25 Pid: 4782
 
New instance of bashtop version: 0.9.25 Pid: 7605
 
New instance of bashtop version: 0.9.25 Pid: 4851
 
New instance of bashtop version: 0.9.25 Pid: 18901
 
New instance of bashtop version: 0.9.25 Pid: 18019
 
New instance of bashtop version: 0.9.25 Pid: 39691
 
New instance of bashtop version: 0.9.25 Pid: 31388
 
New instance of bashtop version: 0.9.25 Pid: 24494
 
New instance of bashtop version: 0.9.25 Pid: 18698
 
New instance of bashtop version: 0.9.25 Pid: 70010
 
New instance of bashtop version: 0.9.25 Pid: 13561
 
New instance of bashtop version: 0.9.25 Pid: 6142
 
New instance of bashtop version: 0.9.25 Pid: 44150
 
New instance of bashtop version: 0.9.25 Pid: 12454
 
New instance of bashtop version: 0.9.25 Pid: 152716
 
New instance of bashtop version: 0.9.25 Pid: 3759
 
New instance of bashtop version: 0.9.25 Pid: 13087
 
New instance of bashtop version: 0.9.25 Pid: 73180
 
New instance of bashtop version: 0.9.25 Pid: 74725
 
New instance of bashtop version: 0.9.25 Pid: 489561
 
New instance of bashtop version: 0.9.25 Pid: 122585
 
New instance of bashtop version: 0.9.25 Pid: 253095
 
New instance of bashtop version: 0.9.25 Pid: 1671
 
New instance of bashtop version: 0.9.25 Pid: 3157
 
New instance of bashtop version: 0.9.25 Pid: 338876
 
New instance of bashtop version: 0.9.25 Pid: 375221
 
New instance of bashtop version: 0.9.25 Pid: 370494
 
New instance of bashtop version: 0.9.25 Pid: 483727
error: process ID out of range

Usage:
 ps [options]

 Try 'ps --help <simple|list|output|threads|misc|all>'
  or 'ps --help <s|l|o|t|m|a>'
 for additional help text.

For more details see ps(1).
05:00:07 PM ERROR: On line 2457 
